<?xml version="1.0" encoding="UTF-8"?>
<!-- Generated by org.testng.reporters.JUnitXMLReporter -->
<testsuite hostname="seljvm" ignored="0" name="Default test" tests="3" failures="0" timestamp="2022-02-09T14:32:33 UTC" time="46.558" errors="0">
  <testcase name="feature" time="9.561" classname="cucumber.api.testng.AbstractTestNGCucumberTests"/>
  <testcase name="feature" time="27.183" classname="cucumber.api.testng.AbstractTestNGCucumberTests"/>
  <testcase name="feature" time="9.005" classname="cucumber.api.testng.AbstractTestNGCucumberTests"/>
</testsuite> <!-- Default test -->
